<?xml version="1.0" encoding="UTF-8"?>
<testsuites name="Test Mobile" time="82.257" tests="2" failures="0" errors="0">
   <testsuite name="Test Mobile" tests="2" failures="0" errors="0" time="82.257" skipped="0" timestamp="24-06-2024T14:06:11" hostname="0767 - DESKTOP-SQ56SGT" id="Test Suites/KAF/Test Mobile">
      <properties>
         <property name="deviceName" value="emulator-5554 (SM-S908N - Android 7.1.2)"/>
         <property name="devicePlatform" value="Android"/>
         <property name="logFolder" value="C:\\Users\\0767\\git\\Testing_android\\Reports\\20240624_140605\\KAF\\Test Mobile\\20240624_140605"/>
         <property name="logFiles" value="C:\\Users\\0767\\git\\Testing_android\\Reports\\20240624_140605\\KAF\\Test Mobile\\20240624_140605\\appium.log, C:\\Users\\0767\\git\\Testing_android\\Reports\\20240624_140605\\KAF\\Test Mobile\\20240624_140605\\appium_error.log, C:\\Users\\0767\\git\\Testing_android\\Reports\\20240624_140605\\KAF\\Test Mobile\\20240624_140605\\execution0.log"/>
         <property name="attachments" value="C:\\Users\\0767\\git\\Testing_android\\Reports\\20240624_140605\\KAF\\Test Mobile\\20240624_140605\\1719212823060.png, C:\\Users\\0767\\git\\Testing_android\\Reports\\20240624_140605\\KAF\\Test Mobile\\20240624_140605\\1719212834479.png, C:\\Users\\0767\\git\\Testing_android\\Reports\\20240624_140605\\KAF\\Test Mobile\\20240624_140605\\1719212839028.png, C:\\Users\\0767\\git\\Testing_android\\Reports\\20240624_140605\\KAF\\Test Mobile\\20240624_140605\\1719212850101.png, C:\\Users\\0767\\git\\Testing_android\\Reports\\20240624_140605\\KAF\\Test Mobile\\20240624_140605\\1719212852553.png"/>
         <property name="hostName" value="0767 - DESKTOP-SQ56SGT"/>
         <property name="os" value="Windows 10 64bit"/>
         <property name="appiumServerStatus" value="{&quot;value&quot;:{&quot;build&quot;:{&quot;version&quot;:&quot;1.22.3&quot;}},&quot;sessionId&quot;:null,&quot;status&quot;:0}"/>
         <property name="katalonVersion" value="9.5.0.217"/>
         <property name="deviceOS" value="Android"/>
         <property name="appiumVersion" value="1.22.3"/>
         <property name="deviceModel" value="SM-S908N"/>
         <property name="hostAddress" value="172.16.0.2"/>
         <property name="deviceManufacturer" value="samsung"/>
         <property name="deviceId" value="emulator-5554"/>
         <property name="deviceName" value="emulator-5554 (SM-S908N - Android 7.1.2)"/>
         <property name="deviceOSVersion" value="7.1.2"/>
      </properties>
      <testcase name="Test Cases/KAF/Login" time="63.522" classname="Test Cases/KAF/Login" status="PASSED">
         <system-out><![CDATA[24-06-2024T14:06:11 - [TEST_CASE][PASSED] - Test Cases/KAF/Login: Test Cases/KAF/Login

24-06-2024T14:06:11 - [TEST_STEP][PASSED] - startApplication("C:\Users\0767\Downloads\kaf-debug.apk", true): Started application: 'C:\Users\0767\Downloads\kaf-debug.apk'

24-06-2024T14:06:12 - [MESSAGE][INFO] - Starting application: 'C:\Users\0767\Downloads\kaf-debug.apk'

24-06-2024T14:06:13 - [MESSAGE][INFO] - Detected NodeJS location: "C:\Program Files\nodejs\node.exe"

24-06-2024T14:06:17 - [MESSAGE][INFO] - PATH: C:\Program Files\nodejs;

24-06-2024T14:06:17 - [MESSAGE][INFO] - APPIUM_HOME: C:\Users\0767\AppData\Roaming\npm\node_modules\appium\build\lib\main.js

24-06-2024T14:06:17 - [MESSAGE][INFO] - appium outlog: C:\Users\0767\git\Testing_android\Reports\20240624_140605\KAF\Test Mobile\20240624_140605\appium.log

24-06-2024T14:06:17 - [MESSAGE][INFO] - appium errlog: C:\Users\0767\git\Testing_android\Reports\20240624_140605\KAF\Test Mobile\20240624_140605\appium_error.log

24-06-2024T14:06:19 - [MESSAGE][INFO] - Appium server started on port 64,555

24-06-2024T14:06:51 - [MESSAGE][INFO] - Failed to get OS statusbar's information using getSystemBar.

24-06-2024T14:06:51 - [MESSAGE][PASSED] - Started application: 'C:\Users\0767\Downloads\kaf-debug.apk'

24-06-2024T14:06:51 - [TEST_STEP][PASSED] - delay(3): Delayed 3 second(s)

24-06-2024T14:06:54 - [MESSAGE][PASSED] - Delayed 3 second(s)

24-06-2024T14:06:54 - [TEST_STEP][PASSED] - tap(findTestObject("Object Repository/Mobile/android.widget.EditText"), 0): Tapped on element 'Object Repository/Mobile/android.widget.EditText'

24-06-2024T14:06:54 - [MESSAGE][WARNING] - Timeout '0' is invalid. Using default page load timeout: '30'

24-06-2024T14:06:55 - [MESSAGE][PASSED] - Tapped on element 'Object Repository/Mobile/android.widget.EditText'

24-06-2024T14:06:55 - [TEST_STEP][PASSED] - setText(findTestObject("Object Repository/Mobile/android.widget.EditText"), "receptionist@kaf.co.id", 0): Text 'receptionist@kaf.co.id' has been set to element 'Object Repository/Mobile/android.widget.EditText'

24-06-2024T14:06:55 - [MESSAGE][WARNING] - Timeout '0' is invalid. Using default page load timeout: '30'

24-06-2024T14:06:55 - [MESSAGE][PASSED] - Text 'receptionist@kaf.co.id' has been set to element 'Object Repository/Mobile/android.widget.EditText'

24-06-2024T14:06:55 - [TEST_STEP][PASSED] - hideKeyboard(): Keyboard is hidden

24-06-2024T14:06:57 - [MESSAGE][PASSED] - Keyboard is hidden

24-06-2024T14:06:57 - [TEST_STEP][PASSED] - tap(findTestObject("Object Repository/Mobile/android.widget.EditText (1)"), 0): Tapped on element 'Object Repository/Mobile/android.widget.EditText (1)'

24-06-2024T14:06:57 - [MESSAGE][WARNING] - Timeout '0' is invalid. Using default page load timeout: '30'

24-06-2024T14:06:58 - [MESSAGE][PASSED] - Tapped on element 'Object Repository/Mobile/android.widget.EditText (1)'

24-06-2024T14:06:58 - [TEST_STEP][PASSED] - setText(findTestObject("Object Repository/Mobile/android.widget.EditText (1)"), "R3cept!#888", 0): Text 'R3cept!#888' has been set to element 'Object Repository/Mobile/android.widget.EditText (1)'

24-06-2024T14:06:58 - [MESSAGE][WARNING] - Timeout '0' is invalid. Using default page load timeout: '30'

24-06-2024T14:06:59 - [MESSAGE][PASSED] - Text 'R3cept!#888' has been set to element 'Object Repository/Mobile/android.widget.EditText (1)'

24-06-2024T14:06:59 - [TEST_STEP][PASSED] - hideKeyboard(): Keyboard is hidden

24-06-2024T14:07:00 - [MESSAGE][PASSED] - Keyboard is hidden

24-06-2024T14:07:01 - [TEST_STEP][PASSED] - delay(2): Delayed 2 second(s)

24-06-2024T14:07:03 - [MESSAGE][PASSED] - Delayed 2 second(s)

24-06-2024T14:07:03 - [TEST_STEP][PASSED] - takeScreenshot(): Screenshot is taken

24-06-2024T14:07:04 - [MESSAGE][PASSED] - Screenshot is taken
[[ATTACHMENT|C:\\Users\\0767\\git\\Testing_android\\Reports\\20240624_140605\\KAF\\Test Mobile\\20240624_140605\\1719212823060.png]]

24-06-2024T14:07:04 - [TEST_STEP][PASSED] - tap(findTestObject("Object Repository/Mobile/android.widget.Button"), 0): Tapped on element 'Object Repository/Mobile/android.widget.Button'

24-06-2024T14:07:04 - [MESSAGE][WARNING] - Timeout '0' is invalid. Using default page load timeout: '30'

24-06-2024T14:07:04 - [MESSAGE][PASSED] - Tapped on element 'Object Repository/Mobile/android.widget.Button'

24-06-2024T14:07:04 - [TEST_STEP][PASSED] - delay(10): Delayed 10 second(s)

24-06-2024T14:07:14 - [MESSAGE][PASSED] - Delayed 10 second(s)

24-06-2024T14:07:14 - [TEST_STEP][PASSED] - takeScreenshot(): Screenshot is taken

24-06-2024T14:07:14 - [MESSAGE][PASSED] - Screenshot is taken
[[ATTACHMENT|C:\\Users\\0767\\git\\Testing_android\\Reports\\20240624_140605\\KAF\\Test Mobile\\20240624_140605\\1719212834479.png]]]]></system-out>
         <system-err><![CDATA[]]></system-err>
      </testcase>
      <testcase name="Test Cases/KAF/Add Project" time="18.458" classname="Test Cases/KAF/Add Project" status="PASSED">
         <system-out><![CDATA[24-06-2024T14:07:14 - [TEST_CASE][PASSED] - Test Cases/KAF/Add Project: Test Cases/KAF/Add Project

24-06-2024T14:07:14 - [TEST_STEP][PASSED] - tap(findTestObject("Object Repository/Mobile/android.widget.ImageView"), 0): Tapped on element 'Object Repository/Mobile/android.widget.ImageView'

24-06-2024T14:07:14 - [MESSAGE][WARNING] - Timeout '0' is invalid. Using default page load timeout: '30'

24-06-2024T14:07:15 - [MESSAGE][PASSED] - Tapped on element 'Object Repository/Mobile/android.widget.ImageView'

24-06-2024T14:07:15 - [TEST_STEP][PASSED] - tap(findTestObject("Object Repository/Mobile/android.view.View"), 0): Tapped on element 'Object Repository/Mobile/android.view.View'

24-06-2024T14:07:15 - [MESSAGE][WARNING] - Timeout '0' is invalid. Using default page load timeout: '30'

24-06-2024T14:07:17 - [MESSAGE][PASSED] - Tapped on element 'Object Repository/Mobile/android.view.View'

24-06-2024T14:07:17 - [TEST_STEP][PASSED] - delay(2): Delayed 2 second(s)

24-06-2024T14:07:19 - [MESSAGE][PASSED] - Delayed 2 second(s)

24-06-2024T14:07:19 - [TEST_STEP][PASSED] - takeScreenshot(): Screenshot is taken

24-06-2024T14:07:19 - [MESSAGE][PASSED] - Screenshot is taken
[[ATTACHMENT|C:\\Users\\0767\\git\\Testing_android\\Reports\\20240624_140605\\KAF\\Test Mobile\\20240624_140605\\1719212839028.png]]

24-06-2024T14:07:19 - [TEST_STEP][PASSED] - tap(findTestObject("Object Repository/Mobile/android.widget.ImageView (1)"), 0): Tapped on element 'Object Repository/Mobile/android.widget.ImageView (1)'

24-06-2024T14:07:19 - [MESSAGE][WARNING] - Timeout '0' is invalid. Using default page load timeout: '30'

24-06-2024T14:07:19 - [MESSAGE][PASSED] - Tapped on element 'Object Repository/Mobile/android.widget.ImageView (1)'

24-06-2024T14:07:19 - [TEST_STEP][PASSED] - tap(findTestObject("Object Repository/Mobile/android.widget.ImageView (2)"), 0): Tapped on element 'Object Repository/Mobile/android.widget.ImageView (2)'

24-06-2024T14:07:19 - [MESSAGE][WARNING] - Timeout '0' is invalid. Using default page load timeout: '30'

24-06-2024T14:07:20 - [MESSAGE][PASSED] - Tapped on element 'Object Repository/Mobile/android.widget.ImageView (2)'

24-06-2024T14:07:20 - [TEST_STEP][PASSED] - tap(findTestObject("Object Repository/Mobile/android.view.View (1)"), 0): Tapped on element 'Object Repository/Mobile/android.view.View (1)'

24-06-2024T14:07:20 - [MESSAGE][WARNING] - Timeout '0' is invalid. Using default page load timeout: '30'

24-06-2024T14:07:21 - [MESSAGE][PASSED] - Tapped on element 'Object Repository/Mobile/android.view.View (1)'

24-06-2024T14:07:21 - [TEST_STEP][PASSED] - tap(findTestObject("Object Repository/Mobile/android.widget.EditText (2)"), 0): Tapped on element 'Object Repository/Mobile/android.widget.EditText (2)'

24-06-2024T14:07:21 - [MESSAGE][WARNING] - Timeout '0' is invalid. Using default page load timeout: '30'

24-06-2024T14:07:22 - [MESSAGE][PASSED] - Tapped on element 'Object Repository/Mobile/android.widget.EditText (2)'

24-06-2024T14:07:22 - [TEST_STEP][PASSED] - setText(findTestObject("Object Repository/Mobile/android.widget.EditText (2)"), "IGLO", 0): Text 'IGLO' has been set to element 'Object Repository/Mobile/android.widget.EditText (2)'

24-06-2024T14:07:22 - [MESSAGE][WARNING] - Timeout '0' is invalid. Using default page load timeout: '30'

24-06-2024T14:07:23 - [MESSAGE][PASSED] - Text 'IGLO' has been set to element 'Object Repository/Mobile/android.widget.EditText (2)'

24-06-2024T14:07:23 - [TEST_STEP][PASSED] - tap(findTestObject("Object Repository/Mobile/android.widget.ImageView (3)"), 0): Tapped on element 'Object Repository/Mobile/android.widget.ImageView (3)'

24-06-2024T14:07:23 - [MESSAGE][WARNING] - Timeout '0' is invalid. Using default page load timeout: '30'

24-06-2024T14:07:23 - [MESSAGE][PASSED] - Tapped on element 'Object Repository/Mobile/android.widget.ImageView (3)'

24-06-2024T14:07:23 - [TEST_STEP][PASSED] - tap(findTestObject("Object Repository/Mobile/android.view.View (2)"), 0): Tapped on element 'Object Repository/Mobile/android.view.View (2)'

24-06-2024T14:07:23 - [MESSAGE][WARNING] - Timeout '0' is invalid. Using default page load timeout: '30'

24-06-2024T14:07:24 - [MESSAGE][PASSED] - Tapped on element 'Object Repository/Mobile/android.view.View (2)'

24-06-2024T14:07:24 - [TEST_STEP][PASSED] - tap(findTestObject("Object Repository/Mobile/android.widget.EditText (3)"), 0): Tapped on element 'Object Repository/Mobile/android.widget.EditText (3)'

24-06-2024T14:07:24 - [MESSAGE][WARNING] - Timeout '0' is invalid. Using default page load timeout: '30'

24-06-2024T14:07:25 - [MESSAGE][PASSED] - Tapped on element 'Object Repository/Mobile/android.widget.EditText (3)'

24-06-2024T14:07:25 - [TEST_STEP][PASSED] - setText(findTestObject("Object Repository/Mobile/android.widget.EditText (3)"), "receptionist@kaf.co.idreceptionist@kaf.co.idreceptionist@kaf.co.idreceptionist@kaf.co.id", 0): Text 'receptionist@kaf.co.idreceptionist@kaf.co.idreceptionist@kaf.co.idreceptionist@kaf.co.id' has been set to element 'Object Repository/Mobile/android.widget.EditText (3)'

24-06-2024T14:07:25 - [MESSAGE][WARNING] - Timeout '0' is invalid. Using default page load timeout: '30'

24-06-2024T14:07:26 - [MESSAGE][PASSED] - Text 'receptionist@kaf.co.idreceptionist@kaf.co.idreceptionist@kaf.co.idreceptionist@kaf.co.id' has been set to element 'Object Repository/Mobile/android.widget.EditText (3)'

24-06-2024T14:07:26 - [TEST_STEP][PASSED] - hideKeyboard(): Keyboard is hidden

24-06-2024T14:07:28 - [MESSAGE][PASSED] - Keyboard is hidden

24-06-2024T14:07:28 - [TEST_STEP][PASSED] - delay(2): Delayed 2 second(s)

24-06-2024T14:07:30 - [MESSAGE][PASSED] - Delayed 2 second(s)

24-06-2024T14:07:30 - [TEST_STEP][PASSED] - takeScreenshot(): Screenshot is taken

24-06-2024T14:07:30 - [MESSAGE][PASSED] - Screenshot is taken
[[ATTACHMENT|C:\\Users\\0767\\git\\Testing_android\\Reports\\20240624_140605\\KAF\\Test Mobile\\20240624_140605\\1719212850101.png]]

24-06-2024T14:07:30 - [TEST_STEP][PASSED] - tap(findTestObject("Object Repository/Mobile/android.widget.Button (1)"), 0): Tapped on element 'Object Repository/Mobile/android.widget.Button (1)'

24-06-2024T14:07:30 - [MESSAGE][WARNING] - Timeout '0' is invalid. Using default page load timeout: '30'

24-06-2024T14:07:30 - [MESSAGE][PASSED] - Tapped on element 'Object Repository/Mobile/android.widget.Button (1)'

24-06-2024T14:07:30 - [TEST_STEP][PASSED] - delay(2): Delayed 2 second(s)

24-06-2024T14:07:32 - [MESSAGE][PASSED] - Delayed 2 second(s)

24-06-2024T14:07:32 - [TEST_STEP][PASSED] - takeScreenshot(): Screenshot is taken

24-06-2024T14:07:33 - [MESSAGE][PASSED] - Screenshot is taken
[[ATTACHMENT|C:\\Users\\0767\\git\\Testing_android\\Reports\\20240624_140605\\KAF\\Test Mobile\\20240624_140605\\1719212852553.png]]

24-06-2024T14:07:33 - [TEST_STEP][PASSED] - pressBack(): Press back button successfully

24-06-2024T14:07:33 - [MESSAGE][PASSED] - Press back button successfully]]></system-out>
         <system-err><![CDATA[]]></system-err>
      </testcase>
      <system-out><![CDATA[24-06-2024T14:06:11 - [TEST_SUITE][PASSED] - Test Mobile: Test Cases/KAF/Add Project]]></system-out>
      <system-err><![CDATA[]]></system-err>
   </testsuite>
</testsuites>
